<?xml version="1.0" encoding="UTF-8"?>
<!-- Generated by org.testng.reporters.JUnitXMLReporter -->
<testsuite hostname="LAPTOP-KF51IQR9" ignored="0" name="Test" tests="2" failures="0" timestamp="23 Jul 2019 07:37:14 GMT" time="0.034" errors="0">
  <testcase name="@BeforeSuite setup" time="11.865" classname="com.pomexample.Testcase.LoginPageTestCase">
    <failure type="java.lang.NullPointerException" message="null value in entry: url=null">
      <![CDATA[java.lang.NullPointerException: null value in entry: url=null
at com.google.common.collect.CollectPreconditions.checkEntryNotNull(CollectPreconditions.java:32)
at com.google.common.collect.SingletonImmutableBiMap.<init>(SingletonImmutableBiMap.java:42)
at com.google.common.collect.ImmutableBiMap.of(ImmutableBiMap.java:72)
at com.google.common.collect.ImmutableMap.of(ImmutableMap.java:124)
at org.openqa.selenium.remote.RemoteWebDriver.get(RemoteWebDriver.java:277)
at com.Driverpackage.BaseClass.initialize(BaseClass.java:45)
at com.pomexample.Testcase.LoginPageTestCase.setup(LoginPageTestCase.java:26)
... Removed 23 stack frames]]>
    </failure>
  </testcase> <!-- @BeforeSuite setup -->
  <testcase name="verifyLogintest" time="0.0" classname="com.pomexample.Testcase.LoginPageTestCase">
    <skipped/>
  </testcase> <!-- verifyLogintest -->
  <testcase name="verifytitle" time="0.0" classname="com.pomexample.Testcase.LoginPageTestCase">
    <skipped/>
  </testcase> <!-- verifytitle -->
</testsuite> <!-- Test -->
