<?xml version="1.0" encoding="UTF-8"?>
<testsuite name="TestSuite" time="12.409" tests="4" errors="0" skipped="3" failures="1">
  <properties>
[...]
</properties>
  <testcase name="setup" classname="com.pomexample.Testcase.LoginPageTestCase" time="12.409">
    <failure message="null value in entry: url=null" type="java.lang.NullPointerException"><![CDATA[java.lang.NullPointerException: null value in entry: url=null
	at com.google.common.collect.CollectPreconditions.checkEntryNotNull(CollectPreconditions.java:32)
	at com.google.common.collect.SingletonImmutableBiMap.<init>(SingletonImmutableBiMap.java:42)
	at com.google.common.collect.ImmutableBiMap.of(ImmutableBiMap.java:72)
	at com.google.common.collect.ImmutableMap.of(ImmutableMap.java:124)
	at org.openqa.selenium.remote.RemoteWebDriver.get(RemoteWebDriver.java:277)
	at com.Driverpackage.BaseClass.initialize(BaseClass.java:45)
	at com.pomexample.Testcase.LoginPageTestCase.setup(LoginPageTestCase.java:26)
]]></failure>
    <system-err><![CDATA[Starting ChromeDriver 75.0.3770.90 (a6dcaf7e3ec6f70a194cc25e8149475c6590e025-refs/branch-heads/3770@{#1003}) on port 17993
Only local connections are allowed.
Please protect ports used by ChromeDriver and related test frameworks to prevent access by malicious code.
Jul 23, 2019 1:07:13 PM org.openqa.selenium.remote.ProtocolHandshake createSession
INFO: Detected dialect: W3C
]]></system-err>
  </testcase>
  <testcase name="verifyLogintest" classname="com.pomexample.Testcase.LoginPageTestCase" time="0">
    <skipped/>
  </testcase>
  <testcase name="verifytitle" classname="com.pomexample.Testcase.LoginPageTestCase" time="0">
    <skipped/>
  </testcase>
  <testcase name="close" classname="com.pomexample.Testcase.LoginPageTestCase" time="0">
    <skipped/>
  </testcase>
</testsuite>